#
# There is insufficient memory for the Java Runtime Environment to continue.
# Native memory allocation (malloc) failed to allocate 78528 bytes for Chunk::new
# Possible reasons:
#   The system is out of physical RAM or swap space
#   In 32 bit mode, the process size limit was hit
# Possible solutions:
#   Reduce memory load on the system
#   Increase physical memory or swap space
#   Check if swap backing store is full
#   Use 64 bit Java on a 64 bit OS
#   Decrease Java heap size (-Xmx/-Xms)
#   Decrease number of Java threads
#   Decrease Java thread stack sizes (-Xss)
#   Set larger code cache with -XX:ReservedCodeCacheSize=
# This output file may be truncated or incomplete.
#
#  Out of Memory Error (allocation.cpp:323), pid=12208, tid=10780
#
# JRE version: Java(TM) SE Runtime Environment (7.0_45-b18) (build 1.7.0_45-b18)
# Java VM: Java HotSpot(TM) 64-Bit Server VM (24.45-b08 mixed mode windows-amd64 compressed oops)
# Failed to write core dump. Minidumps are not enabled by default on client versions of Windows
#

---------------  T H R E A D  ---------------

Current thread (0x000000000b15d000):  JavaThread "C2 CompilerThread1" daemon [_thread_in_native, id=10780, stack(0x000000000c7c0000,0x000000000c8c0000)]

Stack: [0x000000000c7c0000,0x000000000c8c0000]

Current CompileTask:
C2:   2136   14   !         sun.java2d.pipe.AAShapePipe::renderTiles (349 bytes)


---------------  P R O C E S S  ---------------

Java Threads: ( => current thread )
  0x0000000002a02800 JavaThread "DestroyJavaVM" [_thread_blocked, id=22108, stack(0x00000000011a0000,0x00000000012a0000)]
  0x000000000cb68800 JavaThread "AWT-EventQueue-0" [_thread_blocked, id=9048, stack(0x000000000d3f0000,0x000000000d4f0000)]
  0x000000000cb67800 JavaThread "AWT-Windows" daemon [_thread_in_native, id=19756, stack(0x000000000d1b0000,0x000000000d2b0000)]
  0x000000000cb67000 JavaThread "AWT-Shutdown" [_thread_blocked, id=11436, stack(0x000000000d0b0000,0x000000000d1b0000)]
  0x000000000cb66800 JavaThread "Java2D Disposer" daemon [_thread_blocked, id=20092, stack(0x000000000cfb0000,0x000000000d0b0000)]
  0x000000000b167800 JavaThread "Service Thread" daemon [_thread_blocked, id=8736, stack(0x000000000c8c0000,0x000000000c9c0000)]
=>0x000000000b15d000 JavaThread "C2 CompilerThread1" daemon [_thread_in_native, id=10780, stack(0x000000000c7c0000,0x000000000c8c0000)]
  0x000000000b14f000 JavaThread "C2 CompilerThread0" daemon [_thread_blocked, id=16716, stack(0x000000000c6c0000,0x000000000c7c0000)]
  0x000000000b14e000 JavaThread "Attach Listener" daemon [_thread_blocked, id=18184, stack(0x000000000c5c0000,0x000000000c6c0000)]
  0x000000000b14d000 JavaThread "Signal Dispatcher" daemon [_thread_blocked, id=3396, stack(0x000000000c4c0000,0x000000000c5c0000)]
  0x000000000b0ff000 JavaThread "Finalizer" daemon [_thread_blocked, id=23392, stack(0x000000000c3c0000,0x000000000c4c0000)]
  0x000000000b0f2800 JavaThread "Reference Handler" daemon [_thread_blocked, id=3260, stack(0x000000000c2c0000,0x000000000c3c0000)]

Other Threads:
  0x000000000b0f1000 VMThread [stack: 0x000000000c1c0000,0x000000000c2c0000] [id=5296]
  0x000000000b180000 WatcherThread [stack: 0x000000000c9c0000,0x000000000cac0000] [id=20472]

VM state:not at safepoint (normal execution)

VM Mutex/Monitor currently owned by a thread: None

Heap
 PSYoungGen      total 38400K, used 7536K [0x00000007d5e80000, 0x00000007d8900000, 0x0000000800000000)
  eden space 33280K, 22% used [0x00000007d5e80000,0x00000007d65dc098,0x00000007d7f00000)
  from space 5120K, 0% used [0x00000007d8400000,0x00000007d8400000,0x00000007d8900000)
  to   space 5120K, 0% used [0x00000007d7f00000,0x00000007d7f00000,0x00000007d8400000)
 ParOldGen       total 86016K, used 0K [0x0000000781c00000, 0x0000000787000000, 0x00000007d5e80000)
  object space 86016K, 0% used [0x0000000781c00000,0x0000000781c00000,0x0000000787000000)
 PSPermGen       total 21504K, used 8459K [0x000000077ca00000, 0x000000077df00000, 0x0000000781c00000)
  object space 21504K, 39% used [0x000000077ca00000,0x000000077d242ce0,0x000000077df00000)

Card table byte_map: [0x0000000005f10000,0x0000000006330000] byte_map_base: 0x000000000232b000

Polling page: 0x0000000001030000

Code Cache  [0x0000000002e50000, 0x00000000030c0000, 0x0000000005e50000)
 total_blobs=404 nmethods=18 adapters=339 free_code_cache=48643Kb largest_free_block=49788864

Compilation events (10 events):
Event: 0.459 Thread 0x000000000b15d000 nmethod 10 0x0000000002ec7ad0 code [0x0000000002ec7c00, 0x0000000002ec7c98]
Event: 0.488 Thread 0x000000000b14f000   11             java.util.Arrays::binarySearch0 (95 bytes)
Event: 0.491 Thread 0x000000000b14f000 nmethod 11 0x0000000002ecaad0 code [0x0000000002ecac20, 0x0000000002ecadd8]
Event: 1.949 Thread 0x000000000b15d000   12             java.lang.Math::min (11 bytes)
Event: 1.949 Thread 0x000000000b15d000 nmethod 12 0x0000000002ecd550 code [0x0000000002ecd680, 0x0000000002ecd6d8]
Event: 1.964 Thread 0x000000000b14f000   13             java.lang.String::length (6 bytes)
Event: 1.964 Thread 0x000000000b14f000 nmethod 13 0x0000000002ed16d0 code [0x0000000002ed1800, 0x0000000002ed1878]
Event: 2.082 Thread 0x000000000b15d000   14   !         sun.java2d.pipe.AAShapePipe::renderTiles (349 bytes)
Event: 2.083 Thread 0x000000000b14f000   15             sun.dc.pr.Rasterizer::getTypicalAlpha (54 bytes)
Event: 2.084 Thread 0x000000000b14f000 nmethod 15 0x0000000002ece5d0 code [0x0000000002ece720, 0x0000000002ece7e8]

GC Heap History (0 events):
No events

Deoptimization events (4 events):
Event: 0.461 Thread 0x000000000cb68800 Uncommon trap: reason=class_check action=maybe_recompile pc=0x0000000002ec9f10 method=java.lang.String.equals(Ljava/lang/Object;)Z @ 8
Event: 0.464 Thread 0x000000000cb68800 Uncommon trap: reason=class_check action=maybe_recompile pc=0x0000000002ec9f10 method=java.lang.String.equals(Ljava/lang/Object;)Z @ 8
Event: 0.465 Thread 0x000000000cb68800 Uncommon trap: reason=class_check action=maybe_recompile pc=0x0000000002ec9f10 method=java.lang.String.equals(Ljava/lang/Object;)Z @ 8
Event: 0.465 Thread 0x000000000cb68800 Uncommon trap: reason=class_check action=maybe_recompile pc=0x0000000002ec9f10 method=java.lang.String.equals(Ljava/lang/Object;)Z @ 8

Internal exceptions (10 events):
Event: 0.353 Thread 0x000000000cb68800 Threw 0x00000007d61c3d30 at C:\re\jdk7u45\229\hotspot\src\share\vm\prims\jvm.cpp:1244
Event: 0.412 Thread 0x000000000cb68800 Threw 0x00000007d61ea440 at C:\re\jdk7u45\229\hotspot\src\share\vm\prims\jni.cpp:717
Event: 0.412 Thread 0x000000000cb68800 Threw 0x00000007d61eaa48 at C:\re\jdk7u45\229\hotspot\src\share\vm\interpreter\linkResolver.cpp:883
Event: 0.434 Thread 0x000000000cb68800 Threw 0x00000007d621cf60 at C:\re\jdk7u45\229\hotspot\src\share\vm\prims\jvm.cpp:1244
Event: 0.434 Thread 0x000000000cb68800 Threw 0x00000007d621d188 at C:\re\jdk7u45\229\hotspot\src\share\vm\prims\jvm.cpp:1244
Event: 0.435 Thread 0x000000000cb68800 Threw 0x00000007d6224278 at C:\re\jdk7u45\229\hotspot\src\share\vm\prims\jvm.cpp:1244
Event: 0.435 Thread 0x000000000cb68800 Threw 0x00000007d62244a0 at C:\re\jdk7u45\229\hotspot\src\share\vm\prims\jvm.cpp:1244
Event: 1.529 Thread 0x000000000cb68800 Threw 0x00000007d653a190 at C:\re\jdk7u45\229\hotspot\src\share\vm\prims\jni.cpp:743
Event: 1.529 Thread 0x000000000cb68800 Threw 0x00000007d653a190 at C:\re\jdk7u45\229\hotspot\src\share\vm\prims\jvm.cpp:1248
Event: 1.529 Thread 0x000000000cb68800 Threw 0x00000007d653a190 at C:\re\jdk7u45\229\hotspot\src\share\vm\prims\jvm.cpp:1248

Events (10 events):
Event: 0.539 loading class 0x0000000002a06b80
Event: 0.540 loading class 0x0000000002a06b80 done
Event: 1.529 loading class 0x000000000cbd64d0
Event: 1.529 loading class 0x000000000cbd64d0 done
Event: 1.529 loading class 0x0000000002a47360
Event: 1.529 loading class 0x0000000002a47360 done
Event: 1.529 loading class 0x0000000002a560b0
Event: 1.557 loading class 0x0000000002a56320
Event: 1.557 loading class 0x0000000002a56320 done
Event: 1.557 loading class 0x0000000002a560b0 done


Dynamic libraries:
0x00007ff77b2f0000 - 0x00007ff77b323000 	C:\Users\Xingyu\AppData\Local\MyEclipse Professional 2014\binary\com.sun.java.jdk7.win32.x86_64_1.7.0.u45\bin\javaw.exe
0x00007ff88eee0000 - 0x00007ff88f086000 	C:\Windows\SYSTEM32\ntdll.dll
0x00007ff88d520000 - 0x00007ff88d65a000 	C:\Windows\system32\KERNEL32.DLL
0x00007ff88c610000 - 0x00007ff88c71f000 	C:\Windows\system32\KERNELBASE.dll
0x00007ff88aec0000 - 0x00007ff88af48000 	C:\Windows\system32\apphelp.dll
0x00007ff878f70000 - 0x00007ff878fbf000 	C:\Windows\AppPatch\AppPatch64\AcGenral.DLL
0x00007ff88cf30000 - 0x00007ff88cfd7000 	C:\Windows\system32\msvcrt.dll
0x00007ff88c040000 - 0x00007ff88c06b000 	C:\Windows\SYSTEM32\SspiCli.dll
0x00007ff88ca50000 - 0x00007ff88caa1000 	C:\Windows\system32\SHLWAPI.dll
0x00007ff88c780000 - 0x00007ff88c8f1000 	C:\Windows\system32\USER32.dll
0x00007ff88d800000 - 0x00007ff88d978000 	C:\Windows\system32\ole32.dll
0x00007ff88d980000 - 0x00007ff88ed8f000 	C:\Windows\system32\SHELL32.dll
0x00007ff88b870000 - 0x00007ff88b88e000 	C:\Windows\SYSTEM32\USERENV.dll
0x00007ff88cd60000 - 0x00007ff88ce05000 	C:\Windows\system32\ADVAPI32.dll
0x00007ff87efe0000 - 0x00007ff87effb000 	C:\Windows\SYSTEM32\MPR.dll
0x00007ff88d660000 - 0x00007ff88d797000 	C:\Windows\system32\RPCRT4.dll
0x00007ff88cb10000 - 0x00007ff88cb67000 	C:\Windows\SYSTEM32\sechost.dll
0x00007ff88cb80000 - 0x00007ff88cd56000 	C:\Windows\SYSTEM32\combase.dll
0x00007ff88ed90000 - 0x00007ff88eed4000 	C:\Windows\system32\GDI32.dll
0x00007ff88c260000 - 0x00007ff88c274000 	C:\Windows\SYSTEM32\profapi.dll
0x00007ff888bf0000 - 0x00007ff888c8f000 	C:\Windows\SYSTEM32\SHCORE.dll
0x00007ff88d4e0000 - 0x00007ff88d514000 	C:\Windows\system32\IMM32.DLL
0x00007ff88c900000 - 0x00007ff88ca39000 	C:\Windows\system32\MSCTF.dll
0x00007ff8886f0000 - 0x00007ff88894a000 	C:\Windows\WinSxS\amd64_microsoft.windows.common-controls_6595b64144ccf1df_6.0.9600.17031_none_6242a4b3ecbb55a1\COMCTL32.dll
0x0000000067fb0000 - 0x0000000068082000 	C:\Users\Xingyu\AppData\Local\MyEclipse Professional 2014\binary\com.sun.java.jdk7.win32.x86_64_1.7.0.u45\jre\bin\msvcr100.dll
0x0000000067330000 - 0x0000000067af9000 	C:\Users\Xingyu\AppData\Local\MyEclipse Professional 2014\binary\com.sun.java.jdk7.win32.x86_64_1.7.0.u45\jre\bin\server\jvm.dll
0x00007ff883000000 - 0x00007ff883009000 	C:\Windows\SYSTEM32\WSOCK32.dll
0x00007ff886ac0000 - 0x00007ff886adf000 	C:\Windows\SYSTEM32\WINMM.dll
0x00007ff88c770000 - 0x00007ff88c777000 	C:\Windows\system32\PSAPI.DLL
0x00007ff88cab0000 - 0x00007ff88cb08000 	C:\Windows\system32\WS2_32.dll
0x00007ff886a90000 - 0x00007ff886aba000 	C:\Windows\SYSTEM32\WINMMBASE.dll
0x00007ff88ca40000 - 0x00007ff88ca49000 	C:\Windows\system32\NSI.dll
0x00007ff88c330000 - 0x00007ff88c37a000 	C:\Windows\SYSTEM32\cfgmgr32.dll
0x00007ff88b0e0000 - 0x00007ff88b106000 	C:\Windows\SYSTEM32\DEVOBJ.dll
0x00000000690d0000 - 0x00000000690df000 	C:\Users\Xingyu\AppData\Local\MyEclipse Professional 2014\binary\com.sun.java.jdk7.win32.x86_64_1.7.0.u45\jre\bin\verify.dll
0x0000000069080000 - 0x00000000690a8000 	C:\Users\Xingyu\AppData\Local\MyEclipse Professional 2014\binary\com.sun.java.jdk7.win32.x86_64_1.7.0.u45\jre\bin\java.dll
0x0000000069060000 - 0x0000000069075000 	C:\Users\Xingyu\AppData\Local\MyEclipse Professional 2014\binary\com.sun.java.jdk7.win32.x86_64_1.7.0.u45\jre\bin\zip.dll
0x0000000066ae0000 - 0x0000000066c75000 	C:\Users\Xingyu\AppData\Local\MyEclipse Professional 2014\binary\com.sun.java.jdk7.win32.x86_64_1.7.0.u45\jre\bin\awt.dll
0x00007ff88cfe0000 - 0x00007ff88d097000 	C:\Windows\system32\OLEAUT32.dll
0x00007ff88af60000 - 0x00007ff88b081000 	C:\Windows\system32\uxtheme.dll
0x00007ff888a20000 - 0x00007ff888a40000 	C:\Windows\system32\dwmapi.dll
0x00007ff88b130000 - 0x00007ff88b13a000 	C:\Windows\SYSTEM32\kernel.appcore.dll
0x00007ff88c1d0000 - 0x00007ff88c1da000 	C:\Windows\SYSTEM32\CRYPTBASE.dll
0x00007ff88c070000 - 0x00007ff88c0d0000 	C:\Windows\SYSTEM32\bcryptPrimitives.dll
0x0000000067f60000 - 0x0000000067fa6000 	C:\Users\Xingyu\AppData\Local\MyEclipse Professional 2014\binary\com.sun.java.jdk7.win32.x86_64_1.7.0.u45\jre\bin\fontmanager.dll
0x0000000068500000 - 0x0000000068519000 	C:\Users\Xingyu\AppData\Local\MyEclipse Professional 2014\binary\com.sun.java.jdk7.win32.x86_64_1.7.0.u45\jre\bin\net.dll
0x00007ff88bac0000 - 0x00007ff88bb18000 	C:\Windows\system32\mswsock.dll
0x00000000684e0000 - 0x00000000684f1000 	C:\Users\Xingyu\AppData\Local\MyEclipse Professional 2014\binary\com.sun.java.jdk7.win32.x86_64_1.7.0.u45\jre\bin\nio.dll
0x0000000067f10000 - 0x0000000067f51000 	C:\Users\Xingyu\AppData\Local\MyEclipse Professional 2014\binary\com.sun.java.jdk7.win32.x86_64_1.7.0.u45\jre\bin\t2k.dll
0x0000000068480000 - 0x00000000684aa000 	C:\Users\Xingyu\AppData\Local\MyEclipse Professional 2014\binary\com.sun.java.jdk7.win32.x86_64_1.7.0.u45\jre\bin\dcpr.dll
0x00007ff88d430000 - 0x00007ff88d4d4000 	C:\Windows\SYSTEM32\clbcatq.dll
0x00007ff87ac00000 - 0x00007ff87ac8a000 	C:\Windows\system32\SogouTSF.ime
0x00007ff886390000 - 0x00007ff88639a000 	C:\Windows\system32\VERSION.dll
0x00007ff8866a0000 - 0x00007ff8866a7000 	C:\Windows\system32\MSIMG32.dll
0x00007ff886420000 - 0x00007ff886450000 	C:\Windows\SYSTEM32\ntmarta.dll
0x00007ff864800000 - 0x00007ff864f5f000 	C:\Windows\system32\SogouPy.ime
0x00007ff8871f0000 - 0x00007ff887253000 	C:\Windows\SYSTEM32\OLEACC.dll

VM Arguments:
jvm_args: -Dfile.encoding=UTF-8 
java_command: visualization.KNNVisualizationFrame
Launcher Type: SUN_STANDARD

Environment Variables:
JAVA_HOME=C:\Program Files\Java\jdk1.7.0_67
PATH=c:\Program Files (x86)\Intel\iCLS Client\;c:\Program Files\Intel\iCLS Client\;C:\Windows\system32;C:\Windows;C:\Windows\System32\Wbem;C:\Windows\System32\WindowsPowerShell\v1.0\;C:\Program Files\Intel\Intel(R) Management Engine Components\DAL;C:\Program Files\Intel\Intel(R) Management Engine Components\IPT;C:\Program Files (x86)\Intel\Intel(R) Management Engine Components\DAL;C:\Program Files (x86)\Intel\Intel(R) Management Engine Components\IPT;C:\Program Files\Intel\WiFi\bin\;C:\Program Files\Common Files\Intel\WirelessCommon\;C:\Program Files\Microsoft SQL Server\110\Tools\Binn\;C:\Program Files (x86)\Microsoft SDKs\TypeScript\1.0\;C:\programs\MiKTeX2.9\miktex\bin\x64\;C:\Program Files\Git\cmd;C:\Program Files\MySQL\MySQL Server 5.7\bin;4.94066E-324NU_HOME\bin;C:\D\apache-maven-3.2.3\bin\;
USERNAME=Xingyu
OS=Windows_NT
PROCESSOR_IDENTIFIER=Intel64 Family 6 Model 69 Stepping 1, GenuineIntel



---------------  S Y S T E M  ---------------

OS: Windows 8 , 64 bit Build 9200 

CPU:total 4 (2 cores per cpu, 2 threads per core) family 6 model 69 stepping 1, cmov, cx8, fxsr, mmx, sse, sse2, sse3, ssse3, sse4.1, sse4.2, popcnt, avx, avx2, aes, erms, ht, tsc, tscinvbit

Memory: 4k page, physical 8266712k(2036316k free), swap 33432536k(2228k free)

vm_info: Java HotSpot(TM) 64-Bit Server VM (24.45-b08) for windows-amd64 JRE (1.7.0_45-b18), built on Oct  8 2013 05:47:22 by "java_re" with unknown MS VC++:1600

time: Mon Oct 27 13:53:31 2014
elapsed time: 2 seconds

